date: "2015-03-30 15:18:53.427"
argv: node /usr/local/bin/hexo server
os: Linux 3.16.0-33-generic linux x64
versions:
  http_parser: "2.3"
  node: 0.12.0
  v8: 3.28.73
  uv: 1.0.2
  zlib: 1.2.8
  modules: "14"
  openssl: 1.0.1l
  hexo: 2.8.3
---
[debug] 15:18:53.175 Config file loaded from /home/pavan/Work/careers/blog/_config.yml[debug] 15:18:53.177 Version info checked successfully[debug] 15:18:53.211 Processed: draft.md (2ms)[debug] 15:18:53.211 Processed: page.md (1ms)[debug] 15:18:53.211 Processed: photo.md (1ms)[debug] 15:18:53.211 Processed: post.md (1ms)[debug] 15:18:53.228 Plugin loaded successfully: hexo-renderer-ejs[debug] 15:18:53.275 Plugin loaded successfully: hexo-renderer-marked[debug] 15:18:53.378 Plugin loaded successfully: hexo-renderer-stylus[debug] 15:18:53.380 Script load successfully: fancybox.js[debug] 15:18:53.403 Processed: source/js/script.js (1ms)[debug] 15:18:53.403 Processed: source/fancybox/blank.gif (0ms)[debug] 15:18:53.403 Processed: source/fancybox/fancybox_loading.gif (0ms)[debug] 15:18:53.403 Processed: source/fancybox/fancybox_loading@2x.gif (0ms)[debug] 15:18:53.403 Processed: source/fancybox/fancybox_overlay.png (0ms)[debug] 15:18:53.403 Processed: source/fancybox/fancybox_sprite.png (0ms)[debug] 15:18:53.404 Processed: source/fancybox/fancybox_sprite@2x.png (0ms)[debug] 15:18:53.404 Processed: source/fancybox/jquery.fancybox.css (0ms)[debug] 15:18:53.405 Processed: source/fancybox/jquery.fancybox.js (1ms)[debug] 15:18:53.405 Processed: source/fancybox/jquery.fancybox.pack.js (0ms)[debug] 15:18:53.405 Processed: source/fancybox/helpers/fancybox_buttons.png (0ms)[debug] 15:18:53.405 Processed: source/fancybox/helpers/jquery.fancybox-buttons.css (0ms)[debug] 15:18:53.405 Processed: source/fancybox/helpers/jquery.fancybox-buttons.js (0ms)[debug] 15:18:53.405 Processed: source/fancybox/helpers/jquery.fancybox-media.js (0ms)[debug] 15:18:53.406 Processed: source/fancybox/helpers/jquery.fancybox-thumbs.css (1ms)[debug] 15:18:53.406 Processed: source/fancybox/helpers/jquery.fancybox-thumbs.js (0ms)[debug] 15:18:53.406 Processed: source/css/_extend.styl (0ms)[debug] 15:18:53.406 Processed: source/css/_variables.styl (0ms)[debug] 15:18:53.406 Processed: source/css/style.styl (0ms)[debug] 15:18:53.406 Processed: source/css/_partial/archive.styl (0ms)[debug] 15:18:53.406 Processed: source/css/_partial/article.styl (0ms)[debug] 15:18:53.406 Processed: source/css/_partial/comment.styl (0ms)[debug] 15:18:53.406 Processed: source/css/_partial/footer.styl (0ms)[debug] 15:18:53.406 Processed: source/css/_partial/header.styl (0ms)[debug] 15:18:53.406 Processed: source/css/_partial/highlight.styl (0ms)[debug] 15:18:53.406 Processed: source/css/_partial/mobile.styl (0ms)[debug] 15:18:53.406 Processed: source/css/_partial/sidebar-aside.styl (0ms)[debug] 15:18:53.406 Processed: source/css/_partial/sidebar-bottom.styl (0ms)[debug] 15:18:53.407 Processed: source/css/_partial/sidebar.styl (1ms)[debug] 15:18:53.407 Processed: source/css/_util/grid.styl (0ms)[debug] 15:18:53.407 Processed: source/css/_util/mixin.styl (0ms)[debug] 15:18:53.407 Processed: source/css/fonts/FontAwesome.otf (0ms)[debug] 15:18:53.407 Processed: source/css/fonts/fontawesome-webfont.eot (0ms)[debug] 15:18:53.407 Processed: source/css/fonts/fontawesome-webfont.svg (0ms)[debug] 15:18:53.407 Processed: source/css/fonts/fontawesome-webfont.ttf (0ms)[debug] 15:18:53.407 Processed: source/css/fonts/fontawesome-webfont.woff (0ms)[debug] 15:18:53.407 Processed: source/css/images/banner.jpg (0ms)[error] 15:18:53.417 HexoError: Process failed: _posts/hello-world.md
TypeError: Cannot read property 'config' of null
    at module.exports (/home/pavan/Work/careers/blog/node_modules/hexo-renderer-marked/lib/renderer.js:55:10)
    at Domain.<anonymous> (/usr/local/lib/node_modules/hexo/lib/extend/renderer.js:78:38)
    at Domain.run (domain.js:197:16)
    at store.(anonymous function) (/usr/local/lib/node_modules/hexo/lib/extend/renderer.js:77:9)
    at /usr/local/lib/node_modules/hexo/lib/core/render.js:96:9
    at fn (/usr/local/lib/node_modules/hexo/node_modules/async/lib/async.js:641:34)
    at Immediate._onImmediate (/usr/local/lib/node_modules/hexo/node_modules/async/lib/async.js:557:34)
    at processImmediate [as _immediateCallback] (timers.js:358:17)
[debug] 15:18:53.424 Processed: layout/archive.ejs (25ms)[debug] 15:18:53.424 Processed: layout/index.ejs (25ms)[debug] 15:18:53.424 Processed: layout/category.ejs (25ms)[debug] 15:18:53.424 Processed: layout/layout.ejs (25ms)[debug] 15:18:53.424 Processed: layout/page.ejs (25ms)[debug] 15:18:53.424 Processed: layout/post.ejs (24ms)[debug] 15:18:53.424 Processed: layout/tag.ejs (24ms)[debug] 15:18:53.424 Processed: layout/_widget/archive.ejs (24ms)[debug] 15:18:53.424 Processed: layout/_widget/category.ejs (24ms)[debug] 15:18:53.424 Processed: layout/_widget/recent_posts.ejs (24ms)[debug] 15:18:53.424 Processed: layout/_widget/tag.ejs (24ms)[debug] 15:18:53.424 Processed: layout/_widget/tagcloud.ejs (24ms)[debug] 15:18:53.424 Processed: layout/_partial/after-footer.ejs (24ms)[debug] 15:18:53.424 Processed: layout/_partial/archive-post.ejs (24ms)[debug] 15:18:53.424 Processed: layout/_partial/archive.ejs (24ms)[debug] 15:18:53.424 Processed: layout/_partial/article.ejs (24ms)[debug] 15:18:53.424 Processed: layout/_partial/footer.ejs (24ms)[debug] 15:18:53.424 Processed: layout/_partial/google-analytics.ejs (24ms)[debug] 15:18:53.424 Processed: layout/_partial/head.ejs (24ms)[debug] 15:18:53.425 Processed: layout/_partial/header.ejs (25ms)[debug] 15:18:53.425 Processed: layout/_partial/mobile-nav.ejs (25ms)[debug] 15:18:53.425 Processed: layout/_partial/sidebar.ejs (24ms)[debug] 15:18:53.425 Processed: layout/_partial/post/category.ejs (24ms)[debug] 15:18:53.425 Processed: layout/_partial/post/date.ejs (24ms)[debug] 15:18:53.425 Processed: layout/_partial/post/gallery.ejs (24ms)[debug] 15:18:53.425 Processed: layout/_partial/post/nav.ejs (23ms)[debug] 15:18:53.425 Processed: layout/_partial/post/tag.ejs (23ms)[debug] 15:18:53.425 Processed: layout/_partial/post/title.ejs (23ms)[debug] 15:18:53.426 Theme config loaded[debug] 15:18:53.426 Processed: _config.yml (27ms)